<?xml version="1.0" encoding="UTF-8"?>
<testng-results skipped="0" failed="0" ignored="0" total="2" passed="2">
  <reporter-output>
  </reporter-output>
  <suite name="Suite" duration-ms="7559" started-at="2022-03-04T12:32:20Z" finished-at="2022-03-04T12:32:27Z">
    <groups>
    </groups>
    <test name="Test2" duration-ms="7559" started-at="2022-03-04T12:32:20Z" finished-at="2022-03-04T12:32:27Z">
      <class name="Day7.NewTest">
        <test-method status="PASS" signature="f()[pri:0, instance:Day7.NewTest@18eed359]" name="f" duration-ms="7506" started-at="2022-03-04T12:32:20Z" finished-at="2022-03-04T12:32:27Z">
          <reporter-output>
          </reporter-output>
        </test-method> <!-- f -->
      </class> <!-- Day7.NewTest -->
    </test> <!-- Test2 -->
    <test name="Test1" duration-ms="7559" started-at="2022-03-04T12:32:20Z" finished-at="2022-03-04T12:32:27Z">
      <class name="Day7.NewTest">
        <test-method status="PASS" signature="f()[pri:0, instance:Day7.NewTest@148080bb]" name="f" duration-ms="7506" started-at="2022-03-04T12:32:20Z" finished-at="2022-03-04T12:32:27Z">
          <reporter-output>
          </reporter-output>
        </test-method> <!-- f -->
      </class> <!-- Day7.NewTest -->
    </test> <!-- Test1 -->
  </suite> <!-- Suite -->
</testng-results>
